Using pre-set license
Built from '2020.3/staging' branch; Version is '2020.3.4f1 (0abb6314276a) revision 703331'; Using compiler version '192528614'; Build Type 'Release'
OS: 'Windows 10 Pro; OS build 19042.928; Version 2009; 64bit' Language: 'uk' Physical Memory: 16215 MB
BatchMode: 1, IsHumanControllingUs: 0, StartBugReporterOnCrash: 0, Is64bit: 1, IsPro: 0

 COMMAND LINE ARGUMENTS:
C:\Program Files\Unity\Hub\Editor\2020.3.4f1\Editor\Unity.exe
-adb2
-batchMode
-noUpm
-name
AssetImportWorker0
-projectPath
C:/Users/benja/MT
-logFile
Logs/AssetImportWorker0.log
-srvPort
63542
Successfully changed project path to: C:/Users/benja/MT
C:/Users/benja/MT
Using Asset Import Pipeline V2.
Refreshing native plugins compatible for Editor in 32.08 ms, found 1 plugins.
Preloading 0 native plugins for Editor in 0.00 ms.
Initialize engine version: 2020.3.4f1 (0abb6314276a)
[Subsystems] Discovering subsystems at path C:/Program Files/Unity/Hub/Editor/2020.3.4f1/Editor/Data/Resources/UnitySubsystems
[Subsystems] Discovering subsystems at path C:/Users/benja/MT/Assets
GfxDevice: creating device client; threaded=0
Direct3D:
    Version:  Direct3D 11.0 [level 11.1]
    Renderer: NVIDIA GeForce GTX 1660 Ti (ID=0x2191)
    Vendor:   
    VRAM:     5991 MB
    Driver:   27.21.14.5167
Initialize mono
Mono path[0] = 'C:/Program Files/Unity/Hub/Editor/2020.3.4f1/Editor/Data/Managed'
Mono path[1] = 'C:/Program Files/Unity/Hub/Editor/2020.3.4f1/Editor/Data/MonoBleedingEdge/lib/mono/unityjit'
Mono config path = 'C:/Program Files/Unity/Hub/Editor/2020.3.4f1/Editor/Data/MonoBleedingEdge/etc'
Using monoOptions --debugger-agent=transport=dt_socket,embedding=1,server=y,suspend=n,address=127.0.0.1:56356
Begin MonoManager ReloadAssembly
Registering precompiled unity dll's ...
Register platform support module: C:/Program Files/Unity/Hub/Editor/2020.3.4f1/Editor/Data/PlaybackEngines/WindowsStandaloneSupport/UnityEditor.WindowsStandalone.Extensions.dll
Registered in 0.001496 seconds.
Native extension for WindowsStandalone target not found
Refreshing native plugins compatible for Editor in 31.11 ms, found 1 plugins.
Preloading 0 native plugins for Editor in 0.00 ms.
Mono: successfully reloaded assembly
- Completed reload, in  0.887 seconds
Platform modules already initialized, skipping
Registering precompiled user dll's ...
Registered in 0.000937 seconds.
Begin MonoManager ReloadAssembly
Native extension for WindowsStandalone target not found
Refreshing native plugins compatible for Editor in 31.80 ms, found 1 plugins.
Preloading 0 native plugins for Editor in 0.00 ms.
Mono: successfully reloaded assembly
- Completed reload, in  1.053 seconds
Platform modules already initialized, skipping
========================================================================
Worker process is ready to serve import requests
Launched and connected shader compiler UnityShaderCompiler.exe after 0.06 seconds
Refreshing native plugins compatible for Editor in 0.38 ms, found 1 plugins.
Preloading 0 native plugins for Editor in 0.00 ms.
Unloading 1810 Unused Serialized files (Serialized files now loaded: 0)
System memory in use before: 85.1 MB.
System memory in use after: 85.1 MB.

Unloading 24 unused Assets to reduce memory usage. Loaded Objects now: 2255.
Total: 2.005500 ms (FindLiveObjects: 0.229300 ms CreateObjectMapping: 0.099700 ms MarkObjects: 1.494200 ms  DeleteObjects: 0.181200 ms)

========================================================================
Received Import Request.
  path: Assets/Sprites/19a4a02dc85d1fe41256ad6afab14689.png
  artifactKey: Guid(0334c6f4f21226e43b7627ea6e110b76) Importer(815301076,1909f56bfc062723c751e8b465ee728b)
Start importing Assets/Sprites/19a4a02dc85d1fe41256ad6afab14689.png using Guid(0334c6f4f21226e43b7627ea6e110b76) Importer(815301076,1909f56bfc062723c751e8b465ee728b)  -> (artifact id: '46cc8e1dd4923874fbaabb0bd582b47a') in 0.100041 seconds
  Import took 0.102748 seconds .

========================================================================
Received Import Request.
  Time since last request: 24.529917 seconds.
  path: Assets/Sprites/19a4a02dc85d1fe41256ad6afab14689.png
  artifactKey: Guid(0334c6f4f21226e43b7627ea6e110b76) Importer(815301076,1909f56bfc062723c751e8b465ee728b)
Start importing Assets/Sprites/19a4a02dc85d1fe41256ad6afab14689.png using Guid(0334c6f4f21226e43b7627ea6e110b76) Importer(815301076,1909f56bfc062723c751e8b465ee728b)  -> (artifact id: 'fbc0c45b04abadf77bec0484fb9ba1f0') in 0.010805 seconds
  Import took 0.013392 seconds .

========================================================================
Received Import Request.
  Time since last request: 0.000882 seconds.
  path: Assets/Sprites/19a4a02dc85d1fe41256ad6afab14689.png
  artifactKey: Guid(0334c6f4f21226e43b7627ea6e110b76) Importer(815301076,1909f56bfc062723c751e8b465ee728b)
Start importing Assets/Sprites/19a4a02dc85d1fe41256ad6afab14689.png using Guid(0334c6f4f21226e43b7627ea6e110b76) Importer(815301076,1909f56bfc062723c751e8b465ee728b)  -> (artifact id: 'fbc0c45b04abadf77bec0484fb9ba1f0') in 0.015312 seconds
  Import took 0.018597 seconds .

========================================================================
Received Import Request.
  Time since last request: 105.205341 seconds.
  path: Assets/Sprites/19a4a02dc85d1fe41256ad6afab14689.png
  artifactKey: Guid(0334c6f4f21226e43b7627ea6e110b76) Importer(815301076,1909f56bfc062723c751e8b465ee728b)
Start importing Assets/Sprites/19a4a02dc85d1fe41256ad6afab14689.png using Guid(0334c6f4f21226e43b7627ea6e110b76) Importer(815301076,1909f56bfc062723c751e8b465ee728b)  -> (artifact id: 'f65f15760952504b6b2dd9eb9ed0c30d') in 0.154005 seconds
  Import took 0.166563 seconds .

========================================================================
Received Prepare
Registering precompiled user dll's ...
Registered in 0.001142 seconds.
Begin MonoManager ReloadAssembly
Native extension for WindowsStandalone target not found
Refreshing native plugins compatible for Editor in 0.33 ms, found 1 plugins.
Preloading 0 native plugins for Editor in 0.00 ms.
Mono: successfully reloaded assembly
- Completed reload, in  0.707 seconds
Platform modules already initialized, skipping
Refreshing native plugins compatible for Editor in 0.32 ms, found 1 plugins.
Preloading 0 native plugins for Editor in 0.00 ms.
Unloading 1805 Unused Serialized files (Serialized files now loaded: 0)
System memory in use before: 88.1 MB.
System memory in use after: 88.1 MB.

Unloading 12 unused Assets to reduce memory usage. Loaded Objects now: 2267.
Total: 1.712500 ms (FindLiveObjects: 0.175200 ms CreateObjectMapping: 0.072900 ms MarkObjects: 1.377600 ms  DeleteObjects: 0.086100 ms)

========================================================================
Received Prepare
Registering precompiled user dll's ...
Registered in 0.000812 seconds.
Begin MonoManager ReloadAssembly
Native extension for WindowsStandalone target not found
Refreshing native plugins compatible for Editor in 0.37 ms, found 1 plugins.
Preloading 0 native plugins for Editor in 0.00 ms.
Mono: successfully reloaded assembly
- Completed reload, in  0.685 seconds
Platform modules already initialized, skipping
Refreshing native plugins compatible for Editor in 0.31 ms, found 1 plugins.
Preloading 0 native plugins for Editor in 0.00 ms.
Unloading 1805 Unused Serialized files (Serialized files now loaded: 0)
System memory in use before: 88.2 MB.
System memory in use after: 88.2 MB.

Unloading 12 unused Assets to reduce memory usage. Loaded Objects now: 2271.
Total: 1.642400 ms (FindLiveObjects: 0.178400 ms CreateObjectMapping: 0.073200 ms MarkObjects: 1.298200 ms  DeleteObjects: 0.091300 ms)

========================================================================
Received Import Request.
  Time since last request: 298.429574 seconds.
  path: Assets/Sprites/64b37cb887ccaf2ced92c20e60a3aed5.png
  artifactKey: Guid(8113c3cc7525e7d41a29c46def9501ab) Importer(815301076,1909f56bfc062723c751e8b465ee728b)
Start importing Assets/Sprites/64b37cb887ccaf2ced92c20e60a3aed5.png using Guid(8113c3cc7525e7d41a29c46def9501ab) Importer(815301076,1909f56bfc062723c751e8b465ee728b)  -> (artifact id: 'a7c0e122e627577a340dd8fa2a170173') in 0.057362 seconds
  Import took 0.060129 seconds .

========================================================================
Received Import Request.
  Time since last request: 21.475282 seconds.
  path: Assets/Sprites/64b37cb887ccaf2ced92c20e60a3aed5.png
  artifactKey: Guid(8113c3cc7525e7d41a29c46def9501ab) Importer(815301076,1909f56bfc062723c751e8b465ee728b)
Start importing Assets/Sprites/64b37cb887ccaf2ced92c20e60a3aed5.png using Guid(8113c3cc7525e7d41a29c46def9501ab) Importer(815301076,1909f56bfc062723c751e8b465ee728b)  -> (artifact id: 'f0eadd2aca19f718450e87eb884c1e49') in 0.017842 seconds
  Import took 0.020685 seconds .

========================================================================
Received Import Request.
  Time since last request: 6.540881 seconds.
  path: Assets/Sprites/64b37cb887ccaf2ced92c20e60a3aed5.png
  artifactKey: Guid(8113c3cc7525e7d41a29c46def9501ab) Importer(815301076,1909f56bfc062723c751e8b465ee728b)
Start importing Assets/Sprites/64b37cb887ccaf2ced92c20e60a3aed5.png using Guid(8113c3cc7525e7d41a29c46def9501ab) Importer(815301076,1909f56bfc062723c751e8b465ee728b)  -> (artifact id: 'b4d1e706cc25da23354632285f647546') in 0.016931 seconds
  Import took 0.019566 seconds .

========================================================================
Received Import Request.
  Time since last request: 12.758020 seconds.
  path: Assets/Sprites/64b37cb887ccaf2ced92c20e60a3aed5.png
  artifactKey: Guid(8113c3cc7525e7d41a29c46def9501ab) Importer(815301076,1909f56bfc062723c751e8b465ee728b)
Start importing Assets/Sprites/64b37cb887ccaf2ced92c20e60a3aed5.png using Guid(8113c3cc7525e7d41a29c46def9501ab) Importer(815301076,1909f56bfc062723c751e8b465ee728b)  -> (artifact id: '4420abeb1fe871dec4ac77ee4eb07c1e') in 0.017153 seconds
  Import took 0.020020 seconds .

========================================================================
Received Prepare
Registering precompiled user dll's ...
Registered in 0.000813 seconds.
Begin MonoManager ReloadAssembly
Native extension for WindowsStandalone target not found
Refreshing native plugins compatible for Editor in 0.34 ms, found 1 plugins.
Preloading 0 native plugins for Editor in 0.00 ms.
Mono: successfully reloaded assembly
- Completed reload, in  0.697 seconds
Platform modules already initialized, skipping
Refreshing native plugins compatible for Editor in 0.33 ms, found 1 plugins.
Preloading 0 native plugins for Editor in 0.00 ms.
Unloading 1805 Unused Serialized files (Serialized files now loaded: 0)
System memory in use before: 88.2 MB.
System memory in use after: 88.2 MB.

Unloading 12 unused Assets to reduce memory usage. Loaded Objects now: 2278.
Total: 1.809900 ms (FindLiveObjects: 0.183800 ms CreateObjectMapping: 0.068300 ms MarkObjects: 1.464200 ms  DeleteObjects: 0.092700 ms)

========================================================================
Received Prepare
Registering precompiled user dll's ...
Registered in 0.001141 seconds.
Begin MonoManager ReloadAssembly
Native extension for WindowsStandalone target not found
Refreshing native plugins compatible for Editor in 0.36 ms, found 1 plugins.
Preloading 0 native plugins for Editor in 0.00 ms.
Mono: successfully reloaded assembly
- Completed reload, in  0.730 seconds
Platform modules already initialized, skipping
Refreshing native plugins compatible for Editor in 0.38 ms, found 1 plugins.
Preloading 0 native plugins for Editor in 0.00 ms.
Unloading 1805 Unused Serialized files (Serialized files now loaded: 0)
System memory in use before: 88.2 MB.
System memory in use after: 88.2 MB.

Unloading 12 unused Assets to reduce memory usage. Loaded Objects now: 2282.
Total: 3.049200 ms (FindLiveObjects: 0.318300 ms CreateObjectMapping: 0.168300 ms MarkObjects: 2.408000 ms  DeleteObjects: 0.153200 ms)

========================================================================
Received Import Request.
  Time since last request: 131.155755 seconds.
  path: Assets/Sprites/New Animator Controller.controller
  artifactKey: Guid(9e52ba3b308db494e8eb3d43861f2c3d) Importer(815301076,1909f56bfc062723c751e8b465ee728b)
Start importing Assets/Sprites/New Animator Controller.controller using Guid(9e52ba3b308db494e8eb3d43861f2c3d) Importer(815301076,1909f56bfc062723c751e8b465ee728b)  -> (artifact id: '56ed8e866534e4f5a668e44885c50dd9') in 0.019313 seconds
  Import took 0.022226 seconds .

========================================================================
Received Import Request.
  Time since last request: 7.867076 seconds.
  path: Assets/Sprites/Hero.controller
  artifactKey: Guid(9e52ba3b308db494e8eb3d43861f2c3d) Importer(815301076,1909f56bfc062723c751e8b465ee728b)
Start importing Assets/Sprites/Hero.controller using Guid(9e52ba3b308db494e8eb3d43861f2c3d) Importer(815301076,1909f56bfc062723c751e8b465ee728b)  -> (artifact id: '67429b0aaa77cf03fc1c8bdddf35dfc6') in 0.016446 seconds
  Import took 0.019055 seconds .

========================================================================
Received Import Request.
  Time since last request: 33.196094 seconds.
  path: Assets/Sprites/bottom.anim
  artifactKey: Guid(657b289cc2f7f054087edcdce09d5103) Importer(815301076,1909f56bfc062723c751e8b465ee728b)
Start importing Assets/Sprites/bottom.anim using Guid(657b289cc2f7f054087edcdce09d5103) Importer(815301076,1909f56bfc062723c751e8b465ee728b)  -> (artifact id: '22b19ee4a400f9ceb2648e91fc107a7b') in 0.007701 seconds
  Import took 0.010487 seconds .

========================================================================
Received Import Request.
  Time since last request: 129.144662 seconds.
  path: Assets/Sprites/Hero.controller
  artifactKey: Guid(9e52ba3b308db494e8eb3d43861f2c3d) Importer(815301076,1909f56bfc062723c751e8b465ee728b)
Start importing Assets/Sprites/Hero.controller using Guid(9e52ba3b308db494e8eb3d43861f2c3d) Importer(815301076,1909f56bfc062723c751e8b465ee728b)  -> (artifact id: 'f1f7a003cbf42bb6472ae27fb646ab1c') in 0.002432 seconds
  Import took 0.005248 seconds .

========================================================================
Received Import Request.
  Time since last request: 2.420335 seconds.
  path: Assets/Sprites/left.anim
  artifactKey: Guid(a2f75d723ebb0964692774080a387796) Importer(815301076,1909f56bfc062723c751e8b465ee728b)
Start importing Assets/Sprites/left.anim using Guid(a2f75d723ebb0964692774080a387796) Importer(815301076,1909f56bfc062723c751e8b465ee728b)  -> (artifact id: 'b655b2dbab4dc22accc1c2cc9cf8e38f') in 0.006152 seconds
  Import took 0.008702 seconds .

========================================================================
Received Import Request.
  Time since last request: 0.003821 seconds.
  path: Assets/Sprites/left.anim
  artifactKey: Guid(a2f75d723ebb0964692774080a387796) Importer(815301076,1909f56bfc062723c751e8b465ee728b)
Start importing Assets/Sprites/left.anim using Guid(a2f75d723ebb0964692774080a387796) Importer(815301076,1909f56bfc062723c751e8b465ee728b)  -> (artifact id: 'b655b2dbab4dc22accc1c2cc9cf8e38f') in 0.002106 seconds
  Import took 0.005074 seconds .

========================================================================
Received Import Request.
  Time since last request: 1.175802 seconds.
  path: Assets/Sprites/right.anim
  artifactKey: Guid(b018e80ca9820bb4b9acf0ee4cd959f6) Importer(815301076,1909f56bfc062723c751e8b465ee728b)
Start importing Assets/Sprites/right.anim using Guid(b018e80ca9820bb4b9acf0ee4cd959f6) Importer(815301076,1909f56bfc062723c751e8b465ee728b)  -> (artifact id: '94af1beacd1e4e7e6bc3787769429463') in 0.005804 seconds
  Import took 0.008565 seconds .

========================================================================
Received Import Request.
  Time since last request: 0.322797 seconds.
  path: Assets/Sprites/top.anim
  artifactKey: Guid(a1dc63c9e987c26498949d9dedc35d7e) Importer(815301076,1909f56bfc062723c751e8b465ee728b)
Start importing Assets/Sprites/top.anim using Guid(a1dc63c9e987c26498949d9dedc35d7e) Importer(815301076,1909f56bfc062723c751e8b465ee728b)  -> (artifact id: '3bb6fc91e8bfdc64a5f8d2d8be966fe1') in 0.006363 seconds
  Import took 0.009270 seconds .

========================================================================
Received Import Request.
  Time since last request: 357.297724 seconds.
  path: Assets/Sprites/idle.anim
  artifactKey: Guid(cbbe7055f6dad9148a3e3ede27d81a22) Importer(815301076,1909f56bfc062723c751e8b465ee728b)
Start importing Assets/Sprites/idle.anim using Guid(cbbe7055f6dad9148a3e3ede27d81a22) Importer(815301076,1909f56bfc062723c751e8b465ee728b)  -> (artifact id: '4a5a303d726b615e2ad4b0686b7b6cef') in 0.007504 seconds
  Import took 0.011115 seconds .

========================================================================
Received Import Request.
  Time since last request: 22.602984 seconds.
  path: Assets/Sprites/bottom.anim
  artifactKey: Guid(657b289cc2f7f054087edcdce09d5103) Importer(815301076,1909f56bfc062723c751e8b465ee728b)
Start importing Assets/Sprites/bottom.anim using Guid(657b289cc2f7f054087edcdce09d5103) Importer(815301076,1909f56bfc062723c751e8b465ee728b)  -> (artifact id: '58bbdab01443ba466b68f3c041f0b792') in 0.003171 seconds
  Import took 0.006752 seconds .

========================================================================
Received Prepare
Registering precompiled user dll's ...
Registered in 0.000850 seconds.
Begin MonoManager ReloadAssembly
Native extension for WindowsStandalone target not found
Refreshing native plugins compatible for Editor in 0.32 ms, found 1 plugins.
Preloading 0 native plugins for Editor in 0.00 ms.
Mono: successfully reloaded assembly
- Completed reload, in  0.723 seconds
Platform modules already initialized, skipping
Refreshing native plugins compatible for Editor in 0.34 ms, found 1 plugins.
Preloading 0 native plugins for Editor in 0.00 ms.
Unloading 1805 Unused Serialized files (Serialized files now loaded: 0)
System memory in use before: 88.3 MB.
System memory in use after: 88.2 MB.

Unloading 12 unused Assets to reduce memory usage. Loaded Objects now: 2286.
Total: 1.877400 ms (FindLiveObjects: 0.193900 ms CreateObjectMapping: 0.072500 ms MarkObjects: 1.503300 ms  DeleteObjects: 0.106800 ms)

========================================================================
Received Prepare
Registering precompiled user dll's ...
Registered in 0.000791 seconds.
Begin MonoManager ReloadAssembly
Native extension for WindowsStandalone target not found
Refreshing native plugins compatible for Editor in 0.33 ms, found 1 plugins.
Preloading 0 native plugins for Editor in 0.00 ms.
Mono: successfully reloaded assembly
- Completed reload, in  0.680 seconds
Platform modules already initialized, skipping
Refreshing native plugins compatible for Editor in 0.35 ms, found 1 plugins.
Preloading 0 native plugins for Editor in 0.00 ms.
Unloading 1805 Unused Serialized files (Serialized files now loaded: 0)
System memory in use before: 88.3 MB.
System memory in use after: 88.2 MB.

Unloading 12 unused Assets to reduce memory usage. Loaded Objects now: 2290.
Total: 1.720000 ms (FindLiveObjects: 0.193700 ms CreateObjectMapping: 0.086100 ms MarkObjects: 1.346600 ms  DeleteObjects: 0.092900 ms)

========================================================================
Received Prepare
Registering precompiled user dll's ...
Registered in 0.000722 seconds.
Begin MonoManager ReloadAssembly
Native extension for WindowsStandalone target not found
Refreshing native plugins compatible for Editor in 0.33 ms, found 1 plugins.
Preloading 0 native plugins for Editor in 0.00 ms.
Mono: successfully reloaded assembly
- Completed reload, in  0.749 seconds
Platform modules already initialized, skipping
Refreshing native plugins compatible for Editor in 0.44 ms, found 1 plugins.
Preloading 0 native plugins for Editor in 0.00 ms.
Unloading 1805 Unused Serialized files (Serialized files now loaded: 0)
System memory in use before: 88.3 MB.
System memory in use after: 88.3 MB.

Unloading 12 unused Assets to reduce memory usage. Loaded Objects now: 2294.
Total: 2.557300 ms (FindLiveObjects: 0.354000 ms CreateObjectMapping: 0.141200 ms MarkObjects: 1.946200 ms  DeleteObjects: 0.114900 ms)

========================================================================
Received Import Request.
  Time since last request: 278.235546 seconds.
  path: Assets/Scripts/PlayerMovementControl.cs
  artifactKey: Guid(b120f5db91d9dd8489c461e8b5babfe1) Importer(815301076,1909f56bfc062723c751e8b465ee728b)
Start importing Assets/Scripts/PlayerMovementControl.cs using Guid(b120f5db91d9dd8489c461e8b5babfe1) Importer(815301076,1909f56bfc062723c751e8b465ee728b)  -> (artifact id: '5ad6ed4eb86af9f7843a9072bd4bdda6') in 0.027109 seconds
  Import took 0.030163 seconds .

========================================================================
Received Import Request.
  Time since last request: 1069.074007 seconds.
  path: Assets/Scripts/PlayerMovementControl.cs
  artifactKey: Guid(b120f5db91d9dd8489c461e8b5babfe1) Importer(815301076,1909f56bfc062723c751e8b465ee728b)
Start importing Assets/Scripts/PlayerMovementControl.cs using Guid(b120f5db91d9dd8489c461e8b5babfe1) Importer(815301076,1909f56bfc062723c751e8b465ee728b)  -> (artifact id: 'ea748c0405fe7fd8072b12d14b9fe34e') in 0.001746 seconds
  Import took 0.005031 seconds .

========================================================================
Received Import Request.
  Time since last request: 0.019579 seconds.
  path: Assets/Scripts/PlayerMovementControl.cs
  artifactKey: Guid(b120f5db91d9dd8489c461e8b5babfe1) Importer(815301076,1909f56bfc062723c751e8b465ee728b)
Start importing Assets/Scripts/PlayerMovementControl.cs using Guid(b120f5db91d9dd8489c461e8b5babfe1) Importer(815301076,1909f56bfc062723c751e8b465ee728b)  -> (artifact id: 'ea748c0405fe7fd8072b12d14b9fe34e') in 0.001753 seconds
  Import took 0.004536 seconds .

AssetImportWorkerClient::OnTransportError - code=2 error=End of file
